<?xml version="1.0" encoding="UTF-8"?>
<testng-results ignored="0" total="1" passed="1" failed="0" skipped="0">
  <reporter-output>
  </reporter-output>
  <suite started-at="2024-01-21T17:01:08 IST" name="Suite" finished-at="2024-01-21T17:01:20 IST" duration-ms="11450">
    <groups>
    </groups>
    <test started-at="2024-01-21T17:01:08 IST" name="Test" finished-at="2024-01-21T17:01:20 IST" duration-ms="11450">
      <class name="com.test.searchTest">
        <test-method is-config="true" signature="setUp(java.lang.String)[pri:0, instance:com.test.searchTest@6676f6a0]" started-at="2024-01-21T17:01:08 IST" name="setUp" finished-at="2024-01-21T17:01:15 IST" duration-ms="6914" status="PASS">
          <params>
            <param index="0">
              <value>
                <![CDATA[chrome]]>
              </value>
            </param>
          </params>
          <reporter-output>
          </reporter-output>
        </test-method> <!-- setUp -->
        <test-method signature="doSearch()[pri:0, instance:com.test.searchTest@6676f6a0]" started-at="2024-01-21T17:01:15 IST" name="doSearch" finished-at="2024-01-21T17:01:20 IST" duration-ms="4382" status="PASS">
          <reporter-output>
          </reporter-output>
        </test-method> <!-- doSearch -->
        <test-method is-config="true" signature="tearDown()[pri:0, instance:com.test.searchTest@6676f6a0]" started-at="2024-01-21T17:01:20 IST" name="tearDown" finished-at="2024-01-21T17:01:20 IST" duration-ms="1" status="PASS">
          <reporter-output>
          </reporter-output>
        </test-method> <!-- tearDown -->
      </class> <!-- com.test.searchTest -->
    </test> <!-- Test -->
  </suite> <!-- Suite -->
</testng-results>
